<?xml version="1.0" encoding="UTF-8"?>
<testng-results ignored="0" total="1" passed="1" failed="0" skipped="0">
  <reporter-output>
  </reporter-output>
  <suite started-at="2024-03-04T11:58:11 EST" name="Default suite" finished-at="2024-03-04T11:58:29 EST" duration-ms="17440">
    <groups>
    </groups>
    <test started-at="2024-03-04T11:58:11 EST" name="Default test" finished-at="2024-03-04T11:58:29 EST" duration-ms="17440">
      <class name="pages.HomePageTest">
        <test-method is-config="true" signature="setUp()[pri:0, instance:pages.HomePageTest@121314f7]" started-at="2024-03-04T11:58:11 EST" name="setUp" finished-at="2024-03-04T11:58:25 EST" duration-ms="13898" status="PASS">
          <reporter-output>
          </reporter-output>
        </test-method> <!-- setUp -->
        <test-method signature="clickSearchFieldTest()[pri:0, instance:pages.HomePageTest@121314f7]" started-at="2024-03-04T11:58:25 EST" name="clickSearchFieldTest" finished-at="2024-03-04T11:58:29 EST" duration-ms="3351" status="PASS">
          <reporter-output>
          </reporter-output>
        </test-method> <!-- clickSearchFieldTest -->
        <test-method is-config="true" signature="tearUp()[pri:0, instance:pages.HomePageTest@121314f7]" started-at="2024-03-04T11:58:29 EST" name="tearUp" finished-at="2024-03-04T11:58:29 EST" duration-ms="158" status="PASS">
          <reporter-output>
          </reporter-output>
        </test-method> <!-- tearUp -->
      </class> <!-- pages.HomePageTest -->
    </test> <!-- Default test -->
  </suite> <!-- Default suite -->
</testng-results>
